# JRE version: Java(TM) SE Runtime Environment (8.0_71-b15) (build 1.8.0_71-b15)
# Java VM: Java HotSpot(TM) 64-Bit Server VM (25.71-b15 mixed mode windows-amd64 compressed oops)
Heap:
 PSYoungGen      total 6422528K, used 5505536K [0x0000000600080000, 0x00000007c0000000, 0x00000007c0000000)
  eden space 5505536K, 100% used [0x0000000600080000,0x0000000750100000,0x0000000750100000)
  from space 916992K, 0% used [0x0000000788080000,0x0000000788080000,0x00000007c0000000)
  to   space 916992K, 99% used [0x0000000750100000,0x0000000788078030,0x0000000788080000)
 ParOldGen       total 512K, used 509K [0x0000000600000000, 0x0000000600080000, 0x0000000600080000)
  object space 512K, 99% used [0x0000000600000000,0x000000060007f490,0x0000000600080000)
 Metaspace       used 4311K, capacity 4672K, committed 4864K, reserved 1056768K
  class space    used 475K, capacity 496K, committed 512K, reserved 1048576K
GC Heap History (10 events):
Event: 108.490 GC heap after
Heap after GC invocations=3 (full 1):
 PSYoungGen      total 6422528K, used 5505536K [0x0000000600080000, 0x00000007c0000000, 0x00000007c0000000)
  eden space 5505536K, 100% used [0x0000000600080000,0x0000000750100000,0x0000000750100000)
  from space 916992K, 0% used [0x0000000788080000,0x0000000788080000,0x00000007c0000000)
  to   space 916992K, 99% used [0x0000000750100000,0x000000078807a050,0x0000000788080000)
 ParOldGen       total 512K, used 509K [0x0000000600000000, 0x0000000600080000, 0x0000000600080000)
  object space 512K, 99% used [0x0000000600000000,0x000000060007f770,0x0000000600080000)
 Metaspace       used 4311K, capacity 4672K, committed 4864K, reserved 1056768K
  class space    used 475K, capacity 496K, committed 512K, reserved 1048576K
}
Event: 108.490 GC heap before
{Heap before GC invocations=4 (full 2):
 PSYoungGen      total 6422528K, used 5505536K [0x0000000600080000, 0x00000007c0000000, 0x00000007c0000000)
  eden space 5505536K, 100% used [0x0000000600080000,0x0000000750100000,0x0000000750100000)
  from space 916992K, 0% used [0x0000000788080000,0x0000000788080000,0x00000007c0000000)
  to   space 916992K, 99% used [0x0000000750100000,0x000000078807a050,0x0000000788080000)
 ParOldGen       total 512K, used 509K [0x0000000600000000, 0x0000000600080000, 0x0000000600080000)
  object space 512K, 99% used [0x0000000600000000,0x000000060007f770,0x0000000600080000)
 Metaspace       used 4311K, capacity 4672K, committed 4864K, reserved 1056768K
  class space    used 475K, capacity 496K, committed 512K, reserved 1048576K
Event: 129.946 GC heap after
Heap after GC invocations=4 (full 2):
 PSYoungGen      total 6422528K, used 2277665K [0x0000000600080000, 0x00000007c0000000, 0x00000007c0000000)
  eden space 5505536K, 41% used [0x0000000600080000,0x000000068b0c8628,0x0000000750100000)
  from space 916992K, 0% used [0x0000000788080000,0x0000000788080000,0x00000007c0000000)
  to   space 916992K, 0% used [0x0000000750100000,0x0000000750100000,0x0000000788080000)
 ParOldGen       total 512K, used 509K [0x0000000600000000, 0x0000000600080000, 0x0000000600080000)
  object space 512K, 99% used [0x0000000600000000,0x000000060007f680,0x0000000600080000)
 Metaspace       used 4311K, capacity 4672K, committed 4864K, reserved 1056768K
  class space    used 475K, capacity 496K, committed 512K, reserved 1048576K
}
Event: 139.395 GC heap before
{Heap before GC invocations=5 (full 2):
 PSYoungGen      total 6422528K, used 5505536K [0x0000000600080000, 0x00000007c0000000, 0x00000007c0000000)
  eden space 5505536K, 100% used [0x0000000600080000,0x0000000750100000,0x0000000750100000)
  from space 916992K, 0% used [0x0000000788080000,0x0000000788080000,0x00000007c0000000)
  to   space 916992K, 0% used [0x0000000750100000,0x0000000750100000,0x0000000788080000)
 ParOldGen       total 512K, used 509K [0x0000000600000000, 0x0000000600080000, 0x0000000600080000)
  object space 512K, 99% used [0x0000000600000000,0x000000060007f680,0x0000000600080000)
 Metaspace       used 4311K, capacity 4672K, committed 4864K, reserved 1056768K
  class space    used 475K, capacity 496K, committed 512K, reserved 1048576K
Event: 143.349 GC heap after
Heap after GC invocations=5 (full 2):
 PSYoungGen      total 6422528K, used 5505536K [0x0000000600080000, 0x00000007c0000000, 0x00000007c0000000)
  eden space 5505536K, 100% used [0x0000000600080000,0x0000000750100000,0x0000000750100000)
  from space 916992K, 0% used [0x0000000788080000,0x0000000788080000,0x00000007c0000000)
  to   space 916992K, 73% used [0x0000000750100000,0x0000000778fba050,0x0000000788080000)
 ParOldGen       total 512K, used 509K [0x0000000600000000, 0x0000000600080000, 0x0000000600080000)
  object space 512K, 99% used [0x0000000600000000,0x000000060007f680,0x0000000600080000)
 Metaspace       used 4311K, capacity 4672K, committed 4864K, reserved 1056768K
  class space    used 475K, capacity 496K, committed 512K, reserved 1048576K
}
Event: 143.349 GC heap before
{Heap before GC invocations=6 (full 3):
 PSYoungGen      total 6422528K, used 5505536K [0x0000000600080000, 0x00000007c0000000, 0x00000007c0000000)
  eden space 5505536K, 100% used [0x0000000600080000,0x0000000750100000,0x0000000750100000)
  from space 916992K, 0% used [0x0000000788080000,0x0000000788080000,0x00000007c0000000)
  to   space 916992K, 73% used [0x0000000750100000,0x0000000778fba050,0x0000000788080000)
 ParOldGen       total 512K, used 509K [0x0000000600000000, 0x0000000600080000, 0x0000000600080000)
  object space 512K, 99% used [0x0000000600000000,0x000000060007f680,0x0000000600080000)
 Metaspace       used 4311K, capacity 4672K, committed 4864K, reserved 1056768K
  class space    used 475K, capacity 496K, committed 512K, reserved 1048576K
Event: 148.945 GC heap after
Heap after GC invocations=6 (full 3):
 PSYoungGen      total 6422528K, used 0K [0x0000000600080000, 0x00000007c0000000, 0x00000007c0000000)
  eden space 5505536K, 0% used [0x0000000600080000,0x0000000600080000,0x0000000750100000)
  from space 916992K, 0% used [0x0000000788080000,0x0000000788080000,0x00000007c0000000)
  to   space 916992K, 72% used [0x0000000750100000,0x0000000778e87be0,0x0000000788080000)
 ParOldGen       total 512K, used 369K [0x0000000600000000, 0x0000000600080000, 0x0000000600080000)
  object space 512K, 72% used [0x0000000600000000,0x000000060005c7d8,0x0000000600080000)
 Metaspace       used 4311K, capacity 4672K, committed 4864K, reserved 1056768K
  class space    used 475K, capacity 496K, committed 512K, reserved 1048576K
}
Event: 165.759 GC heap before
{Heap before GC invocations=7 (full 4):
 PSYoungGen      total 6422528K, used 5505536K [0x0000000600080000, 0x00000007c0000000, 0x00000007c0000000)
  eden space 5505536K, 100% used [0x0000000600080000,0x0000000750100000,0x0000000750100000)
  from space 916992K, 0% used [0x0000000788080000,0x0000000788080000,0x00000007c0000000)
  to   space 916992K, 72% used [0x0000000750100000,0x0000000778e87be0,0x0000000788080000)
 ParOldGen       total 512K, used 369K [0x0000000600000000, 0x0000000600080000, 0x0000000600080000)
  object space 512K, 72% used [0x0000000600000000,0x000000060005c7d8,0x0000000600080000)
 Metaspace       used 4311K, capacity 4672K, committed 4864K, reserved 1056768K
  class space    used 475K, capacity 496K, committed 512K, reserved 1048576K
Event: 191.705 GC heap after
Heap after GC invocations=7 (full 4):
 PSYoungGen      total 6422528K, used 2079342K [0x0000000600080000, 0x00000007c0000000, 0x00000007c0000000)
  eden space 5505536K, 37% used [0x0000000600080000,0x000000067ef1ba98,0x0000000750100000)
  from space 916992K, 0% used [0x0000000788080000,0x0000000788080000,0x00000007c0000000)
  to   space 916992K, 0% used [0x0000000750100000,0x0000000750100000,0x0000000788080000)
 ParOldGen       total 512K, used 501K [0x0000000600000000, 0x0000000600080000, 0x0000000600080000)
  object space 512K, 97% used [0x0000000600000000,0x000000060007d490,0x0000000600080000)
 Metaspace       used 4311K, capacity 4672K, committed 4864K, reserved 1056768K
  class space    used 475K, capacity 496K, committed 512K, reserved 1048576K
}
Event: 202.951 GC heap before
{Heap before GC invocations=8 (full 4):
 PSYoungGen      total 6422528K, used 5505536K [0x0000000600080000, 0x00000007c0000000, 0x00000007c0000000)
  eden space 5505536K, 100% used [0x0000000600080000,0x0000000750100000,0x0000000750100000)
  from space 916992K, 0% used [0x0000000788080000,0x0000000788080000,0x00000007c0000000)
  to   space 916992K, 0% used [0x0000000750100000,0x0000000750100000,0x0000000788080000)
 ParOldGen       total 512K, used 501K [0x0000000600000000, 0x0000000600080000, 0x0000000600080000)
  object space 512K, 97% used [0x0000000600000000,0x000000060007d490,0x0000000600080000)
 Metaspace       used 4311K, capacity 4672K, committed 4864K, reserved 1056768K
  class space    used 475K, capacity 496K, committed 512K, reserved 1048576K

